<?xml version="1.0" encoding="UTF-8"?>
<testsuite name="org.example.battleship.model.PlayerTest" tests="1" skipped="0" failures="0" errors="0" timestamp="2025-04-22T13:41:51" hostname="DESKTOP-8B4OID4" time="0.009">
  <properties/>
  <testcase name="testInverse" classname="org.example.battleship.model.PlayerTest" time="0.009"/>
  <system-out><![CDATA[]]></system-out>
  <system-err><![CDATA[]]></system-err>
</testsuite>
